Determining if the pthread_create exist failed with the following output:
Change Dir: /home/enio/OneDrive/Cister/ROS/CarSim/CISTER_car_simulator/build/CMakeFiles/CMakeTmp

Run Build Command:"/usr/bin/make" "cmTC_77558/fast"
/usr/bin/make -f CMakeFiles/cmTC_77558.dir/build.make CMakeFiles/cmTC_77558.dir/build
make[1]: Entering directory '/home/enio/OneDrive/Cister/ROS/CarSim/CISTER_car_simulator/build/CMakeFiles/CMakeTmp'
Building C object CMakeFiles/cmTC_77558.dir/CheckSymbolExists.c.o
/usr/bin/cc    -o CMakeFiles/cmTC_77558.dir/CheckSymbolExists.c.o   -c /home/enio/OneDrive/Cister/ROS/CarSim/CISTER_car_simulator/build/CMakeFiles/CMakeTmp/CheckSymbolExists.c
Linking C executable cmTC_77558
/usr/bin/cmake -E cmake_link_script CMakeFiles/cmTC_77558.dir/link.txt --verbose=1
/usr/bin/cc      -rdynamic CMakeFiles/cmTC_77558.dir/CheckSymbolExists.c.o  -o cmTC_77558 
CMakeFiles/cmTC_77558.dir/CheckSymbolExists.c.o: Na função "main":
CheckSymbolExists.c:(.text+0x1b): referência não definida para "pthread_create"
collect2: error: ld returned 1 exit status
CMakeFiles/cmTC_77558.dir/build.make:97: recipe for target 'cmTC_77558' failed
make[1]: *** [cmTC_77558] Error 1
make[1]: Leaving directory '/home/enio/OneDrive/Cister/ROS/CarSim/CISTER_car_simulator/build/CMakeFiles/CMakeTmp'
Makefile:126: recipe for target 'cmTC_77558/fast' failed
make: *** [cmTC_77558/fast] Error 2

File /home/enio/OneDrive/Cister/ROS/CarSim/CISTER_car_simulator/build/CMakeFiles/CMakeTmp/CheckSymbolExists.c:
/* */
#include <pthread.h>

int main(int argc, char** argv)
{
  (void)argv;
#ifndef pthread_create
  return ((int*)(&pthread_create))[argc];
#else
  (void)argc;
  return 0;
#endif
}

Determining if the function pthread_create exists in the pthreads failed with the following output:
Change Dir: /home/enio/OneDrive/Cister/ROS/CarSim/CISTER_car_simulator/build/CMakeFiles/CMakeTmp

Run Build Command:"/usr/bin/make" "cmTC_dd601/fast"
/usr/bin/make -f CMakeFiles/cmTC_dd601.dir/build.make CMakeFiles/cmTC_dd601.dir/build
make[1]: Entering directory '/home/enio/OneDrive/Cister/ROS/CarSim/CISTER_car_simulator/build/CMakeFiles/CMakeTmp'
Building C object CMakeFiles/cmTC_dd601.dir/CheckFunctionExists.c.o
/usr/bin/cc   -DCHECK_FUNCTION_EXISTS=pthread_create   -o CMakeFiles/cmTC_dd601.dir/CheckFunctionExists.c.o   -c /usr/share/cmake-3.10/Modules/CheckFunctionExists.c
Linking C executable cmTC_dd601
/usr/bin/cmake -E cmake_link_script CMakeFiles/cmTC_dd601.dir/link.txt --verbose=1
/usr/bin/cc  -DCHECK_FUNCTION_EXISTS=pthread_create    -rdynamic CMakeFiles/cmTC_dd601.dir/CheckFunctionExists.c.o  -o cmTC_dd601 -lpthreads 
/usr/bin/ld: não foi possível localizar -lpthreads
collect2: error: ld returned 1 exit status
CMakeFiles/cmTC_dd601.dir/build.make:97: recipe for target 'cmTC_dd601' failed
make[1]: *** [cmTC_dd601] Error 1
make[1]: Leaving directory '/home/enio/OneDrive/Cister/ROS/CarSim/CISTER_car_simulator/build/CMakeFiles/CMakeTmp'
Makefile:126: recipe for target 'cmTC_dd601/fast' failed
make: *** [cmTC_dd601/fast] Error 2


