Determining if the pthread_create exist failed with the following output:
Change Dir: /home/enio/OneDrive/Cister/ROS/CarSim/CISTER_car_drive_controller/build/CMakeFiles/CMakeTmp

Run Build Command:"/usr/bin/make" "cmTC_9d23a/fast"
/usr/bin/make -f CMakeFiles/cmTC_9d23a.dir/build.make CMakeFiles/cmTC_9d23a.dir/build
make[1]: Entering directory '/home/enio/OneDrive/Cister/ROS/CarSim/CISTER_car_drive_controller/build/CMakeFiles/CMakeTmp'
Building C object CMakeFiles/cmTC_9d23a.dir/CheckSymbolExists.c.o
/usr/bin/cc    -o CMakeFiles/cmTC_9d23a.dir/CheckSymbolExists.c.o   -c /home/enio/OneDrive/Cister/ROS/CarSim/CISTER_car_drive_controller/build/CMakeFiles/CMakeTmp/CheckSymbolExists.c
Linking C executable cmTC_9d23a
/usr/bin/cmake -E cmake_link_script CMakeFiles/cmTC_9d23a.dir/link.txt --verbose=1
/usr/bin/cc      -rdynamic CMakeFiles/cmTC_9d23a.dir/CheckSymbolExists.c.o  -o cmTC_9d23a 
CMakeFiles/cmTC_9d23a.dir/CheckSymbolExists.c.o: Na função "main":
CheckSymbolExists.c:(.text+0x1b): referência não definida para "pthread_create"
collect2: error: ld returned 1 exit status
CMakeFiles/cmTC_9d23a.dir/build.make:97: recipe for target 'cmTC_9d23a' failed
make[1]: *** [cmTC_9d23a] Error 1
make[1]: Leaving directory '/home/enio/OneDrive/Cister/ROS/CarSim/CISTER_car_drive_controller/build/CMakeFiles/CMakeTmp'
Makefile:126: recipe for target 'cmTC_9d23a/fast' failed
make: *** [cmTC_9d23a/fast] Error 2

File /home/enio/OneDrive/Cister/ROS/CarSim/CISTER_car_drive_controller/build/CMakeFiles/CMakeTmp/CheckSymbolExists.c:
/* */
#include <pthread.h>

int main(int argc, char** argv)
{
  (void)argv;
#ifndef pthread_create
  return ((int*)(&pthread_create))[argc];
#else
  (void)argc;
  return 0;
#endif
}

Determining if the function pthread_create exists in the pthreads failed with the following output:
Change Dir: /home/enio/OneDrive/Cister/ROS/CarSim/CISTER_car_drive_controller/build/CMakeFiles/CMakeTmp

Run Build Command:"/usr/bin/make" "cmTC_f6e90/fast"
/usr/bin/make -f CMakeFiles/cmTC_f6e90.dir/build.make CMakeFiles/cmTC_f6e90.dir/build
make[1]: Entering directory '/home/enio/OneDrive/Cister/ROS/CarSim/CISTER_car_drive_controller/build/CMakeFiles/CMakeTmp'
Building C object CMakeFiles/cmTC_f6e90.dir/CheckFunctionExists.c.o
/usr/bin/cc   -DCHECK_FUNCTION_EXISTS=pthread_create   -o CMakeFiles/cmTC_f6e90.dir/CheckFunctionExists.c.o   -c /usr/share/cmake-3.10/Modules/CheckFunctionExists.c
Linking C executable cmTC_f6e90
/usr/bin/cmake -E cmake_link_script CMakeFiles/cmTC_f6e90.dir/link.txt --verbose=1
/usr/bin/cc  -DCHECK_FUNCTION_EXISTS=pthread_create    -rdynamic CMakeFiles/cmTC_f6e90.dir/CheckFunctionExists.c.o  -o cmTC_f6e90 -lpthreads 
/usr/bin/ld: não foi possível localizar -lpthreads
collect2: error: ld returned 1 exit status
CMakeFiles/cmTC_f6e90.dir/build.make:97: recipe for target 'cmTC_f6e90' failed
make[1]: *** [cmTC_f6e90] Error 1
make[1]: Leaving directory '/home/enio/OneDrive/Cister/ROS/CarSim/CISTER_car_drive_controller/build/CMakeFiles/CMakeTmp'
Makefile:126: recipe for target 'cmTC_f6e90/fast' failed
make: *** [cmTC_f6e90/fast] Error 2


